000 (42281.000.000) 06/25 20:33:52 Job submitted from host: <165.132.107.5:9618?addrs=165.132.107.5-9618&noUDP&sock=3618_8a24_4>
...
001 (42281.000.000) 06/25 20:35:00 Job executing on host: <165.132.104.116:9618?addrs=165.132.104.116-9618&noUDP&sock=15709_f5be_3>
...
006 (42281.000.000) 06/25 20:35:08 Image size of job updated: 96084
	1  -  MemoryUsage of job (MB)
	88  -  ResidentSetSize of job (KB)
...
005 (42281.000.000) 06/25 20:35:08 Job terminated.
	(1) Normal termination (return value 0)
		Usr 0 00:00:00, Sys 0 00:00:04  -  Run Remote Usage
		Usr 0 00:00:00, Sys 0 00:00:00  -  Run Local Usage
		Usr 0 00:00:00, Sys 0 00:00:04  -  Total Remote Usage
		Usr 0 00:00:00, Sys 0 00:00:00  -  Total Local Usage
	415632  -  Run Bytes Sent By Job
	32781042  -  Run Bytes Received By Job
	415632  -  Total Bytes Sent By Job
	32781042  -  Total Bytes Received By Job
	Partitionable Resources :    Usage  Request  Allocated 
	   Cpus                 :        0        1         16 
	   Disk (KB)            :    32433    32500 2187744256 
	   Memory (MB)          :        1        1       1024 
...
000 (42299.000.000) 06/25 20:39:30 Job submitted from host: <165.132.107.5:9618?addrs=165.132.107.5-9618&noUDP&sock=3618_8a24_4>
...
001 (42299.000.000) 06/25 20:39:39 Job executing on host: <165.132.104.116:9618?addrs=165.132.104.116-9618&noUDP&sock=15709_f5be_3>
...
006 (42299.000.000) 06/25 20:39:47 Image size of job updated: 750
	1  -  MemoryUsage of job (MB)
	88  -  ResidentSetSize of job (KB)
...
005 (42299.000.000) 06/25 20:39:47 Job terminated.
	(1) Normal termination (return value 0)
		Usr 0 00:00:00, Sys 0 00:00:05  -  Run Remote Usage
		Usr 0 00:00:00, Sys 0 00:00:00  -  Run Local Usage
		Usr 0 00:00:00, Sys 0 00:00:05  -  Total Remote Usage
		Usr 0 00:00:00, Sys 0 00:00:00  -  Total Local Usage
	415631  -  Run Bytes Sent By Job
	32781042  -  Run Bytes Received By Job
	415631  -  Total Bytes Sent By Job
	32781042  -  Total Bytes Received By Job
	Partitionable Resources :    Usage  Request  Allocated 
	   Cpus                 :     0.01        1         16 
	   Disk (KB)            : 32433       32500 2187744256 
	   Memory (MB)          :     1           1       1024 
...
000 (42303.000.000) 06/25 20:40:41 Job submitted from host: <165.132.107.5:9618?addrs=165.132.107.5-9618&noUDP&sock=3618_8a24_4>
...
001 (42303.000.000) 06/25 20:44:39 Job executing on host: <165.132.104.116:9618?addrs=165.132.104.116-9618&noUDP&sock=15709_f5be_3>
...
006 (42303.000.000) 06/25 20:44:47 Image size of job updated: 18524
	9  -  MemoryUsage of job (MB)
	8644  -  ResidentSetSize of job (KB)
...
006 (42303.000.000) 06/25 20:44:47 Image size of job updated: 18524
	21  -  MemoryUsage of job (MB)
	20616  -  ResidentSetSize of job (KB)
...
005 (42303.000.000) 06/25 20:44:47 Job terminated.
	(1) Normal termination (return value 0)
		Usr 0 00:00:00, Sys 0 00:00:04  -  Run Remote Usage
		Usr 0 00:00:00, Sys 0 00:00:00  -  Run Local Usage
		Usr 0 00:00:00, Sys 0 00:00:04  -  Total Remote Usage
		Usr 0 00:00:00, Sys 0 00:00:00  -  Total Local Usage
	415632  -  Run Bytes Sent By Job
	32781042  -  Run Bytes Received By Job
	415632  -  Total Bytes Sent By Job
	32781042  -  Total Bytes Received By Job
	Partitionable Resources :    Usage  Request  Allocated 
	   Cpus                 :     0.01        1         16 
	   Disk (KB)            : 32433       32500 2187744256 
	   Memory (MB)          :    21           1       1024 
...
000 (42355.000.000) 06/25 21:03:01 Job submitted from host: <165.132.107.5:9618?addrs=165.132.107.5-9618&noUDP&sock=3618_8a24_4>
...
001 (42355.000.000) 06/25 21:04:30 Job executing on host: <165.132.104.116:9618?addrs=165.132.104.116-9618&noUDP&sock=15709_f5be_3>
...
006 (42355.000.000) 06/25 21:04:38 Image size of job updated: 750
	1  -  MemoryUsage of job (MB)
	40  -  ResidentSetSize of job (KB)
...
005 (42355.000.000) 06/25 21:04:38 Job terminated.
	(1) Normal termination (return value 0)
		Usr 0 00:00:00, Sys 0 00:00:04  -  Run Remote Usage
		Usr 0 00:00:00, Sys 0 00:00:00  -  Run Local Usage
		Usr 0 00:00:00, Sys 0 00:00:04  -  Total Remote Usage
		Usr 0 00:00:00, Sys 0 00:00:00  -  Total Local Usage
	415632  -  Run Bytes Sent By Job
	32781042  -  Run Bytes Received By Job
	415632  -  Total Bytes Sent By Job
	32781042  -  Total Bytes Received By Job
	Partitionable Resources :    Usage  Request  Allocated 
	   Cpus                 :        0        1         16 
	   Disk (KB)            :    32433    32500 2187744256 
	   Memory (MB)          :        1        1       1024 
...
000 (42379.000.000) 06/25 21:10:52 Job submitted from host: <165.132.107.5:9618?addrs=165.132.107.5-9618&noUDP&sock=3618_8a24_4>
...
001 (42379.000.000) 06/25 21:13:13 Job executing on host: <165.132.104.116:9618?addrs=165.132.104.116-9618&noUDP&sock=15709_f5be_3>
...
006 (42379.000.000) 06/25 21:13:21 Image size of job updated: 96084
	1  -  MemoryUsage of job (MB)
	4  -  ResidentSetSize of job (KB)
...
005 (42379.000.000) 06/25 21:13:21 Job terminated.
	(1) Normal termination (return value 0)
		Usr 0 00:00:00, Sys 0 00:00:05  -  Run Remote Usage
		Usr 0 00:00:00, Sys 0 00:00:00  -  Run Local Usage
		Usr 0 00:00:00, Sys 0 00:00:05  -  Total Remote Usage
		Usr 0 00:00:00, Sys 0 00:00:00  -  Total Local Usage
	415632  -  Run Bytes Sent By Job
	32781042  -  Run Bytes Received By Job
	415632  -  Total Bytes Sent By Job
	32781042  -  Total Bytes Received By Job
	Partitionable Resources :    Usage  Request  Allocated 
	   Cpus                 :        0        1         16 
	   Disk (KB)            :    32433    32500 2187744256 
	   Memory (MB)          :        1        1       1024 
...
000 (42409.000.000) 06/25 21:21:05 Job submitted from host: <165.132.107.5:9618?addrs=165.132.107.5-9618&noUDP&sock=3618_8a24_4>
...
001 (42409.000.000) 06/25 21:26:00 Job executing on host: <165.132.104.116:9618?addrs=165.132.104.116-9618&noUDP&sock=15709_f5be_3>
...
006 (42409.000.000) 06/25 21:26:07 Image size of job updated: 750
	1  -  MemoryUsage of job (MB)
	36  -  ResidentSetSize of job (KB)
...
005 (42409.000.000) 06/25 21:26:07 Job terminated.
	(1) Normal termination (return value 0)
		Usr 0 00:00:00, Sys 0 00:00:05  -  Run Remote Usage
		Usr 0 00:00:00, Sys 0 00:00:00  -  Run Local Usage
		Usr 0 00:00:00, Sys 0 00:00:05  -  Total Remote Usage
		Usr 0 00:00:00, Sys 0 00:00:00  -  Total Local Usage
	415631  -  Run Bytes Sent By Job
	32781042  -  Run Bytes Received By Job
	415631  -  Total Bytes Sent By Job
	32781042  -  Total Bytes Received By Job
	Partitionable Resources :    Usage  Request  Allocated 
	   Cpus                 :        0        1         16 
	   Disk (KB)            :    32433    32500 2187744256 
	   Memory (MB)          :        1        1       1024 
...
000 (42437.000.000) 06/25 21:32:05 Job submitted from host: <165.132.107.5:9618?addrs=165.132.107.5-9618&noUDP&sock=3618_8a24_4>
...
001 (42437.000.000) 06/25 21:38:53 Job executing on host: <165.132.104.116:9618?addrs=165.132.104.116-9618&noUDP&sock=15709_f5be_3>
...
006 (42437.000.000) 06/25 21:39:02 Image size of job updated: 96084
	1  -  MemoryUsage of job (MB)
	4  -  ResidentSetSize of job (KB)
...
005 (42437.000.000) 06/25 21:39:02 Job terminated.
	(1) Normal termination (return value 0)
		Usr 0 00:00:00, Sys 0 00:00:05  -  Run Remote Usage
		Usr 0 00:00:00, Sys 0 00:00:00  -  Run Local Usage
		Usr 0 00:00:00, Sys 0 00:00:05  -  Total Remote Usage
		Usr 0 00:00:00, Sys 0 00:00:00  -  Total Local Usage
	415632  -  Run Bytes Sent By Job
	32781042  -  Run Bytes Received By Job
	415632  -  Total Bytes Sent By Job
	32781042  -  Total Bytes Received By Job
	Partitionable Resources :    Usage  Request  Allocated 
	   Cpus                 :     0.01        1         16 
	   Disk (KB)            : 32433       32500 2187744256 
	   Memory (MB)          :     1           1       1024 
...
000 (42463.000.000) 06/25 21:41:31 Job submitted from host: <165.132.107.5:9618?addrs=165.132.107.5-9618&noUDP&sock=3618_8a24_4>
...
001 (42463.000.000) 06/25 22:07:53 Job executing on host: <165.132.104.116:9618?addrs=165.132.104.116-9618&noUDP&sock=15709_f5be_3>
...
006 (42463.000.000) 06/25 22:08:00 Image size of job updated: 750
	1  -  MemoryUsage of job (MB)
	36  -  ResidentSetSize of job (KB)
...
005 (42463.000.000) 06/25 22:08:00 Job terminated.
	(1) Normal termination (return value 0)
		Usr 0 00:00:00, Sys 0 00:00:04  -  Run Remote Usage
		Usr 0 00:00:00, Sys 0 00:00:00  -  Run Local Usage
		Usr 0 00:00:00, Sys 0 00:00:04  -  Total Remote Usage
		Usr 0 00:00:00, Sys 0 00:00:00  -  Total Local Usage
	415632  -  Run Bytes Sent By Job
	32781042  -  Run Bytes Received By Job
	415632  -  Total Bytes Sent By Job
	32781042  -  Total Bytes Received By Job
	Partitionable Resources :    Usage  Request  Allocated 
	   Cpus                 :        0        1         16 
	   Disk (KB)            :    32433    32500 2187744256 
	   Memory (MB)          :        1        1       1024 
...
000 (42726.000.000) 06/25 23:22:24 Job submitted from host: <165.132.107.5:9618?addrs=165.132.107.5-9618&noUDP&sock=3618_8a24_4>
...
001 (42726.000.000) 06/25 23:22:32 Job executing on host: <165.132.104.116:9618?addrs=165.132.104.116-9618&noUDP&sock=15709_f5be_3>
...
006 (42726.000.000) 06/25 23:22:40 Image size of job updated: 96084
	1  -  MemoryUsage of job (MB)
	36  -  ResidentSetSize of job (KB)
...
005 (42726.000.000) 06/25 23:22:40 Job terminated.
	(1) Normal termination (return value 0)
		Usr 0 00:00:00, Sys 0 00:00:05  -  Run Remote Usage
		Usr 0 00:00:00, Sys 0 00:00:00  -  Run Local Usage
		Usr 0 00:00:00, Sys 0 00:00:05  -  Total Remote Usage
		Usr 0 00:00:00, Sys 0 00:00:00  -  Total Local Usage
	415632  -  Run Bytes Sent By Job
	32776946  -  Run Bytes Received By Job
	415632  -  Total Bytes Sent By Job
	32776946  -  Total Bytes Received By Job
	Partitionable Resources :    Usage  Request  Allocated 
	   Cpus                 :        0        1         16 
	   Disk (KB)            :    32429    32500 2187744256 
	   Memory (MB)          :        1        1       1024 
...
000 (42749.000.000) 06/25 23:31:44 Job submitted from host: <165.132.107.5:9618?addrs=165.132.107.5-9618&noUDP&sock=3618_8a24_4>
...
001 (42749.000.000) 06/25 23:31:52 Job executing on host: <165.132.104.116:9618?addrs=165.132.104.116-9618&noUDP&sock=15709_f5be_3>
...
006 (42749.000.000) 06/25 23:32:00 Image size of job updated: 750
	1  -  MemoryUsage of job (MB)
	40  -  ResidentSetSize of job (KB)
...
005 (42749.000.000) 06/25 23:32:00 Job terminated.
	(1) Normal termination (return value 0)
		Usr 0 00:00:00, Sys 0 00:00:05  -  Run Remote Usage
		Usr 0 00:00:00, Sys 0 00:00:00  -  Run Local Usage
		Usr 0 00:00:00, Sys 0 00:00:05  -  Total Remote Usage
		Usr 0 00:00:00, Sys 0 00:00:00  -  Total Local Usage
	415632  -  Run Bytes Sent By Job
	32781042  -  Run Bytes Received By Job
	415632  -  Total Bytes Sent By Job
	32781042  -  Total Bytes Received By Job
	Partitionable Resources :    Usage  Request  Allocated 
	   Cpus                 :        0        1         16 
	   Disk (KB)            :    32433    32500 2187744256 
	   Memory (MB)          :        1        1       1024 
...
000 (42756.000.000) 06/25 23:33:23 Job submitted from host: <165.132.107.5:9618?addrs=165.132.107.5-9618&noUDP&sock=3618_8a24_4>
...
001 (42756.000.000) 06/25 23:33:32 Job executing on host: <165.132.104.116:9618?addrs=165.132.104.116-9618&noUDP&sock=15709_f5be_3>
...
006 (42756.000.000) 06/25 23:33:39 Image size of job updated: 96088
	1  -  MemoryUsage of job (MB)
	36  -  ResidentSetSize of job (KB)
...
005 (42756.000.000) 06/25 23:33:39 Job terminated.
	(1) Normal termination (return value 0)
		Usr 0 00:00:00, Sys 0 00:00:04  -  Run Remote Usage
		Usr 0 00:00:00, Sys 0 00:00:00  -  Run Local Usage
		Usr 0 00:00:00, Sys 0 00:00:04  -  Total Remote Usage
		Usr 0 00:00:00, Sys 0 00:00:00  -  Total Local Usage
	415631  -  Run Bytes Sent By Job
	32781042  -  Run Bytes Received By Job
	415631  -  Total Bytes Sent By Job
	32781042  -  Total Bytes Received By Job
	Partitionable Resources :    Usage  Request  Allocated 
	   Cpus                 :        0        1         16 
	   Disk (KB)            :    32433    32500 2187744256 
	   Memory (MB)          :        1        1       1024 
...
000 (42764.000.000) 06/25 23:35:29 Job submitted from host: <165.132.107.5:9618?addrs=165.132.107.5-9618&noUDP&sock=3618_8a24_4>
...
001 (42764.000.000) 06/25 23:47:20 Job executing on host: <165.132.104.116:9618?addrs=165.132.104.116-9618&noUDP&sock=15709_f5be_3>
...
006 (42764.000.000) 06/25 23:47:29 Image size of job updated: 96088
	1  -  MemoryUsage of job (MB)
	44  -  ResidentSetSize of job (KB)
...
005 (42764.000.000) 06/25 23:47:29 Job terminated.
	(1) Normal termination (return value 0)
		Usr 0 00:00:00, Sys 0 00:00:05  -  Run Remote Usage
		Usr 0 00:00:00, Sys 0 00:00:00  -  Run Local Usage
		Usr 0 00:00:00, Sys 0 00:00:05  -  Total Remote Usage
		Usr 0 00:00:00, Sys 0 00:00:00  -  Total Local Usage
	415632  -  Run Bytes Sent By Job
	32781042  -  Run Bytes Received By Job
	415632  -  Total Bytes Sent By Job
	32781042  -  Total Bytes Received By Job
	Partitionable Resources :    Usage  Request  Allocated 
	   Cpus                 :        0        1         16 
	   Disk (KB)            :    32433    32500 2187744256 
	   Memory (MB)          :        1        1       1024 
...
000 (42816.000.000) 06/25 23:51:12 Job submitted from host: <165.132.107.5:9618?addrs=165.132.107.5-9618&noUDP&sock=3618_8a24_4>
...
001 (42816.000.000) 06/25 23:56:07 Job executing on host: <165.132.104.116:9618?addrs=165.132.104.116-9618&noUDP&sock=15709_f5be_3>
...
006 (42816.000.000) 06/25 23:56:15 Image size of job updated: 96084
	1  -  MemoryUsage of job (MB)
	36  -  ResidentSetSize of job (KB)
...
005 (42816.000.000) 06/25 23:56:15 Job terminated.
	(1) Normal termination (return value 0)
		Usr 0 00:00:00, Sys 0 00:00:04  -  Run Remote Usage
		Usr 0 00:00:00, Sys 0 00:00:00  -  Run Local Usage
		Usr 0 00:00:00, Sys 0 00:00:04  -  Total Remote Usage
		Usr 0 00:00:00, Sys 0 00:00:00  -  Total Local Usage
	415632  -  Run Bytes Sent By Job
	32776946  -  Run Bytes Received By Job
	415632  -  Total Bytes Sent By Job
	32776946  -  Total Bytes Received By Job
	Partitionable Resources :    Usage  Request  Allocated 
	   Cpus                 :        0        1         16 
	   Disk (KB)            :    32429    32500 2187744256 
	   Memory (MB)          :        1        1       1024 
...
