000 (42280.000.000) 06/25 20:33:52 Job submitted from host: <165.132.107.5:9618?addrs=165.132.107.5-9618&noUDP&sock=3618_8a24_4>
...
001 (42280.000.000) 06/25 20:34:53 Job executing on host: <165.132.104.116:9618?addrs=165.132.104.116-9618&noUDP&sock=15709_f5be_3>
...
006 (42280.000.000) 06/25 20:34:58 Image size of job updated: 4148
	0  -  MemoryUsage of job (MB)
	0  -  ResidentSetSize of job (KB)
...
005 (42280.000.000) 06/25 20:34:58 Job terminated.
	(1) Normal termination (return value 0)
		Usr 0 00:00:00, Sys 0 00:00:05  -  Run Remote Usage
		Usr 0 00:00:00, Sys 0 00:00:00  -  Run Local Usage
		Usr 0 00:00:00, Sys 0 00:00:05  -  Total Remote Usage
		Usr 0 00:00:00, Sys 0 00:00:00  -  Total Local Usage
	3750  -  Run Bytes Sent By Job
	32781042  -  Run Bytes Received By Job
	3750  -  Total Bytes Sent By Job
	32781042  -  Total Bytes Received By Job
	Partitionable Resources :    Usage  Request  Allocated 
	   Cpus                 :     0.01        1         16 
	   Disk (KB)            : 32031       32500 2187744256 
	   Memory (MB)          :     0           1       1024 
...
000 (42298.000.000) 06/25 20:39:30 Job submitted from host: <165.132.107.5:9618?addrs=165.132.107.5-9618&noUDP&sock=3618_8a24_4>
...
001 (42298.000.000) 06/25 20:39:32 Job executing on host: <165.132.104.116:9618?addrs=165.132.104.116-9618&noUDP&sock=15709_f5be_3>
...
006 (42298.000.000) 06/25 20:39:37 Image size of job updated: 750
	1  -  MemoryUsage of job (MB)
	36  -  ResidentSetSize of job (KB)
...
005 (42298.000.000) 06/25 20:39:37 Job terminated.
	(1) Normal termination (return value 0)
		Usr 0 00:00:00, Sys 0 00:00:04  -  Run Remote Usage
		Usr 0 00:00:00, Sys 0 00:00:00  -  Run Local Usage
		Usr 0 00:00:00, Sys 0 00:00:04  -  Total Remote Usage
		Usr 0 00:00:00, Sys 0 00:00:00  -  Total Local Usage
	3752  -  Run Bytes Sent By Job
	32781042  -  Run Bytes Received By Job
	3752  -  Total Bytes Sent By Job
	32781042  -  Total Bytes Received By Job
	Partitionable Resources :    Usage  Request  Allocated 
	   Cpus                 :        0        1         16 
	   Disk (KB)            :    32031    32500 2187744256 
	   Memory (MB)          :        1        1       1024 
...
000 (42302.000.000) 06/25 20:40:40 Job submitted from host: <165.132.107.5:9618?addrs=165.132.107.5-9618&noUDP&sock=3618_8a24_4>
...
001 (42302.000.000) 06/25 20:44:31 Job executing on host: <165.132.104.116:9618?addrs=165.132.104.116-9618&noUDP&sock=15709_f5be_3>
...
006 (42302.000.000) 06/25 20:44:36 Image size of job updated: 750
	1  -  MemoryUsage of job (MB)
	36  -  ResidentSetSize of job (KB)
...
005 (42302.000.000) 06/25 20:44:36 Job terminated.
	(1) Normal termination (return value 0)
		Usr 0 00:00:00, Sys 0 00:00:05  -  Run Remote Usage
		Usr 0 00:00:00, Sys 0 00:00:00  -  Run Local Usage
		Usr 0 00:00:00, Sys 0 00:00:05  -  Total Remote Usage
		Usr 0 00:00:00, Sys 0 00:00:00  -  Total Local Usage
	3752  -  Run Bytes Sent By Job
	32781042  -  Run Bytes Received By Job
	3752  -  Total Bytes Sent By Job
	32781042  -  Total Bytes Received By Job
	Partitionable Resources :    Usage  Request  Allocated 
	   Cpus                 :        0        1         16 
	   Disk (KB)            :    32031    32500 2187744256 
	   Memory (MB)          :        1        1       1024 
...
000 (42354.000.000) 06/25 21:03:01 Job submitted from host: <165.132.107.5:9618?addrs=165.132.107.5-9618&noUDP&sock=3618_8a24_4>
...
001 (42354.000.000) 06/25 21:04:23 Job executing on host: <165.132.104.116:9618?addrs=165.132.104.116-9618&noUDP&sock=15709_f5be_3>
...
006 (42354.000.000) 06/25 21:04:28 Image size of job updated: 84624
	1  -  MemoryUsage of job (MB)
	32  -  ResidentSetSize of job (KB)
...
005 (42354.000.000) 06/25 21:04:28 Job terminated.
	(1) Normal termination (return value 0)
		Usr 0 00:00:00, Sys 0 00:00:05  -  Run Remote Usage
		Usr 0 00:00:00, Sys 0 00:00:00  -  Run Local Usage
		Usr 0 00:00:00, Sys 0 00:00:05  -  Total Remote Usage
		Usr 0 00:00:00, Sys 0 00:00:00  -  Total Local Usage
	3753  -  Run Bytes Sent By Job
	32781042  -  Run Bytes Received By Job
	3753  -  Total Bytes Sent By Job
	32781042  -  Total Bytes Received By Job
	Partitionable Resources :    Usage  Request  Allocated 
	   Cpus                 :        0        1         16 
	   Disk (KB)            :    32031    32500 2187744256 
	   Memory (MB)          :        1        1       1024 
...
000 (42378.000.000) 06/25 21:10:52 Job submitted from host: <165.132.107.5:9618?addrs=165.132.107.5-9618&noUDP&sock=3618_8a24_4>
...
001 (42378.000.000) 06/25 21:13:05 Job executing on host: <165.132.104.116:9618?addrs=165.132.104.116-9618&noUDP&sock=15709_f5be_3>
...
006 (42378.000.000) 06/25 21:13:10 Image size of job updated: 750
	1  -  MemoryUsage of job (MB)
	40  -  ResidentSetSize of job (KB)
...
005 (42378.000.000) 06/25 21:13:10 Job terminated.
	(1) Normal termination (return value 0)
		Usr 0 00:00:00, Sys 0 00:00:04  -  Run Remote Usage
		Usr 0 00:00:00, Sys 0 00:00:00  -  Run Local Usage
		Usr 0 00:00:00, Sys 0 00:00:04  -  Total Remote Usage
		Usr 0 00:00:00, Sys 0 00:00:00  -  Total Local Usage
	3753  -  Run Bytes Sent By Job
	32781042  -  Run Bytes Received By Job
	3753  -  Total Bytes Sent By Job
	32781042  -  Total Bytes Received By Job
	Partitionable Resources :    Usage  Request  Allocated 
	   Cpus                 :        0        1         16 
	   Disk (KB)            :    32031    32500 2187744256 
	   Memory (MB)          :        1        1       1024 
...
000 (42408.000.000) 06/25 21:21:05 Job submitted from host: <165.132.107.5:9618?addrs=165.132.107.5-9618&noUDP&sock=3618_8a24_4>
...
001 (42408.000.000) 06/25 21:25:52 Job executing on host: <165.132.104.116:9618?addrs=165.132.104.116-9618&noUDP&sock=15709_f5be_3>
...
006 (42408.000.000) 06/25 21:25:57 Image size of job updated: 750
	1  -  MemoryUsage of job (MB)
	36  -  ResidentSetSize of job (KB)
...
005 (42408.000.000) 06/25 21:25:57 Job terminated.
	(1) Normal termination (return value 0)
		Usr 0 00:00:00, Sys 0 00:00:05  -  Run Remote Usage
		Usr 0 00:00:00, Sys 0 00:00:00  -  Run Local Usage
		Usr 0 00:00:00, Sys 0 00:00:05  -  Total Remote Usage
		Usr 0 00:00:00, Sys 0 00:00:00  -  Total Local Usage
	3753  -  Run Bytes Sent By Job
	32781042  -  Run Bytes Received By Job
	3753  -  Total Bytes Sent By Job
	32781042  -  Total Bytes Received By Job
	Partitionable Resources :    Usage  Request  Allocated 
	   Cpus                 :        0        1         16 
	   Disk (KB)            :    32031    32500 2187744256 
	   Memory (MB)          :        1        1       1024 
...
000 (42436.000.000) 06/25 21:32:05 Job submitted from host: <165.132.107.5:9618?addrs=165.132.107.5-9618&noUDP&sock=3618_8a24_4>
...
001 (42436.000.000) 06/25 21:38:46 Job executing on host: <165.132.104.116:9618?addrs=165.132.104.116-9618&noUDP&sock=15709_f5be_3>
...
006 (42436.000.000) 06/25 21:38:51 Image size of job updated: 750
	1  -  MemoryUsage of job (MB)
	84  -  ResidentSetSize of job (KB)
...
005 (42436.000.000) 06/25 21:38:51 Job terminated.
	(1) Normal termination (return value 0)
		Usr 0 00:00:00, Sys 0 00:00:04  -  Run Remote Usage
		Usr 0 00:00:00, Sys 0 00:00:00  -  Run Local Usage
		Usr 0 00:00:00, Sys 0 00:00:04  -  Total Remote Usage
		Usr 0 00:00:00, Sys 0 00:00:00  -  Total Local Usage
	3753  -  Run Bytes Sent By Job
	32781042  -  Run Bytes Received By Job
	3753  -  Total Bytes Sent By Job
	32781042  -  Total Bytes Received By Job
	Partitionable Resources :    Usage  Request  Allocated 
	   Cpus                 :        0        1         16 
	   Disk (KB)            :    32031    32500 2187744256 
	   Memory (MB)          :        1        1       1024 
...
000 (42462.000.000) 06/25 21:41:31 Job submitted from host: <165.132.107.5:9618?addrs=165.132.107.5-9618&noUDP&sock=3618_8a24_4>
...
001 (42462.000.000) 06/25 22:07:45 Job executing on host: <165.132.104.116:9618?addrs=165.132.104.116-9618&noUDP&sock=15709_f5be_3>
...
006 (42462.000.000) 06/25 22:07:50 Image size of job updated: 750
	1  -  MemoryUsage of job (MB)
	88  -  ResidentSetSize of job (KB)
...
005 (42462.000.000) 06/25 22:07:51 Job terminated.
	(1) Normal termination (return value 0)
		Usr 0 00:00:00, Sys 0 00:00:05  -  Run Remote Usage
		Usr 0 00:00:00, Sys 0 00:00:00  -  Run Local Usage
		Usr 0 00:00:00, Sys 0 00:00:05  -  Total Remote Usage
		Usr 0 00:00:00, Sys 0 00:00:00  -  Total Local Usage
	3752  -  Run Bytes Sent By Job
	32781042  -  Run Bytes Received By Job
	3752  -  Total Bytes Sent By Job
	32781042  -  Total Bytes Received By Job
	Partitionable Resources :    Usage  Request  Allocated 
	   Cpus                 :        0        1         16 
	   Disk (KB)            :    32031    32500 2187744256 
	   Memory (MB)          :        1        1       1024 
...
000 (42725.000.000) 06/25 23:22:24 Job submitted from host: <165.132.107.5:9618?addrs=165.132.107.5-9618&noUDP&sock=3618_8a24_4>
...
001 (42725.000.000) 06/25 23:22:25 Job executing on host: <165.132.104.116:9618?addrs=165.132.104.116-9618&noUDP&sock=15709_f5be_3>
...
006 (42725.000.000) 06/25 23:22:30 Image size of job updated: 750
	1  -  MemoryUsage of job (MB)
	52  -  ResidentSetSize of job (KB)
...
005 (42725.000.000) 06/25 23:22:30 Job terminated.
	(1) Normal termination (return value 0)
		Usr 0 00:00:00, Sys 0 00:00:04  -  Run Remote Usage
		Usr 0 00:00:00, Sys 0 00:00:00  -  Run Local Usage
		Usr 0 00:00:00, Sys 0 00:00:04  -  Total Remote Usage
		Usr 0 00:00:00, Sys 0 00:00:00  -  Total Local Usage
	3753  -  Run Bytes Sent By Job
	32776946  -  Run Bytes Received By Job
	3753  -  Total Bytes Sent By Job
	32776946  -  Total Bytes Received By Job
	Partitionable Resources :    Usage  Request  Allocated 
	   Cpus                 :        0        1         16 
	   Disk (KB)            :    32027    32500 2187744256 
	   Memory (MB)          :        1        1       1024 
...
000 (42748.000.000) 06/25 23:31:44 Job submitted from host: <165.132.107.5:9618?addrs=165.132.107.5-9618&noUDP&sock=3618_8a24_4>
...
001 (42748.000.000) 06/25 23:31:45 Job executing on host: <165.132.104.116:9618?addrs=165.132.104.116-9618&noUDP&sock=15709_f5be_3>
...
006 (42748.000.000) 06/25 23:31:50 Image size of job updated: 4148
	0  -  MemoryUsage of job (MB)
	0  -  ResidentSetSize of job (KB)
...
005 (42748.000.000) 06/25 23:31:50 Job terminated.
	(1) Normal termination (return value 0)
		Usr 0 00:00:00, Sys 0 00:00:04  -  Run Remote Usage
		Usr 0 00:00:00, Sys 0 00:00:00  -  Run Local Usage
		Usr 0 00:00:00, Sys 0 00:00:04  -  Total Remote Usage
		Usr 0 00:00:00, Sys 0 00:00:00  -  Total Local Usage
	3753  -  Run Bytes Sent By Job
	32781042  -  Run Bytes Received By Job
	3753  -  Total Bytes Sent By Job
	32781042  -  Total Bytes Received By Job
	Partitionable Resources :    Usage  Request  Allocated 
	   Cpus                 :        0        1         16 
	   Disk (KB)            :    32031    32500 2187744256 
	   Memory (MB)          :        0        1       1024 
...
000 (42755.000.000) 06/25 23:33:23 Job submitted from host: <165.132.107.5:9618?addrs=165.132.107.5-9618&noUDP&sock=3618_8a24_4>
...
001 (42755.000.000) 06/25 23:33:24 Job executing on host: <165.132.104.116:9618?addrs=165.132.104.116-9618&noUDP&sock=15709_f5be_3>
...
006 (42755.000.000) 06/25 23:33:29 Image size of job updated: 750
	1  -  MemoryUsage of job (MB)
	32  -  ResidentSetSize of job (KB)
...
005 (42755.000.000) 06/25 23:33:29 Job terminated.
	(1) Normal termination (return value 0)
		Usr 0 00:00:00, Sys 0 00:00:05  -  Run Remote Usage
		Usr 0 00:00:00, Sys 0 00:00:00  -  Run Local Usage
		Usr 0 00:00:00, Sys 0 00:00:05  -  Total Remote Usage
		Usr 0 00:00:00, Sys 0 00:00:00  -  Total Local Usage
	3753  -  Run Bytes Sent By Job
	32781042  -  Run Bytes Received By Job
	3753  -  Total Bytes Sent By Job
	32781042  -  Total Bytes Received By Job
	Partitionable Resources :    Usage  Request  Allocated 
	   Cpus                 :     0.01        1         16 
	   Disk (KB)            : 32031       32500 2187744256 
	   Memory (MB)          :     1           1       1024 
...
000 (42763.000.000) 06/25 23:35:29 Job submitted from host: <165.132.107.5:9618?addrs=165.132.107.5-9618&noUDP&sock=3618_8a24_4>
...
001 (42763.000.000) 06/25 23:47:13 Job executing on host: <165.132.104.116:9618?addrs=165.132.104.116-9618&noUDP&sock=15709_f5be_3>
...
006 (42763.000.000) 06/25 23:47:18 Image size of job updated: 750
	1  -  MemoryUsage of job (MB)
	36  -  ResidentSetSize of job (KB)
...
005 (42763.000.000) 06/25 23:47:18 Job terminated.
	(1) Normal termination (return value 0)
		Usr 0 00:00:00, Sys 0 00:00:04  -  Run Remote Usage
		Usr 0 00:00:00, Sys 0 00:00:00  -  Run Local Usage
		Usr 0 00:00:00, Sys 0 00:00:04  -  Total Remote Usage
		Usr 0 00:00:00, Sys 0 00:00:00  -  Total Local Usage
	3753  -  Run Bytes Sent By Job
	32781042  -  Run Bytes Received By Job
	3753  -  Total Bytes Sent By Job
	32781042  -  Total Bytes Received By Job
	Partitionable Resources :    Usage  Request  Allocated 
	   Cpus                 :     0.01        1         16 
	   Disk (KB)            : 32031       32500 2187744256 
	   Memory (MB)          :     1           1       1024 
...
000 (42815.000.000) 06/25 23:51:12 Job submitted from host: <165.132.107.5:9618?addrs=165.132.107.5-9618&noUDP&sock=3618_8a24_4>
...
001 (42815.000.000) 06/25 23:56:00 Job executing on host: <165.132.104.116:9618?addrs=165.132.104.116-9618&noUDP&sock=15709_f5be_3>
...
006 (42815.000.000) 06/25 23:56:05 Image size of job updated: 750
	1  -  MemoryUsage of job (MB)
	80  -  ResidentSetSize of job (KB)
...
005 (42815.000.000) 06/25 23:56:05 Job terminated.
	(1) Normal termination (return value 0)
		Usr 0 00:00:00, Sys 0 00:00:05  -  Run Remote Usage
		Usr 0 00:00:00, Sys 0 00:00:00  -  Run Local Usage
		Usr 0 00:00:00, Sys 0 00:00:05  -  Total Remote Usage
		Usr 0 00:00:00, Sys 0 00:00:00  -  Total Local Usage
	3753  -  Run Bytes Sent By Job
	32776946  -  Run Bytes Received By Job
	3753  -  Total Bytes Sent By Job
	32776946  -  Total Bytes Received By Job
	Partitionable Resources :    Usage  Request  Allocated 
	   Cpus                 :        0        1         16 
	   Disk (KB)            :    32027    32500 2187744256 
	   Memory (MB)          :        1        1       1024 
...
